app/build/intermediates/manifest_merge_blame_file/release/processReleaseMainManifest/manifest-merger-blame-release-report.txt
1<?xml version="1.0" encoding="utf-8"?>
2<manifest xmlns:android="http://schemas.android.com/apk/res/android"
3    package="com.fahim.alyfobserver"
4    android:versionCode="1"
5    android:versionName="1.0" >
6
7    <uses-sdk
8        android:minSdkVersion="26"
9        android:targetSdkVersion="34" />
10
11    <uses-permission android:name="android.permission.SYSTEM_ALERT_WINDOW" />
11-->src/main/AndroidManifest.xml:4:5-78
11-->src/main/AndroidManifest.xml:4:22-75
12    <uses-permission android:name="android.permission.INTERNET" />
12-->src/main/AndroidManifest.xml:5:5-67
12-->src/main/AndroidManifest.xml:5:22-64
13
14    <permission
14-->[androidx.core:core:1.13.1] AndroidManifest.xml:22:5-24:47
15        android:name="com.fahim.alyfobserver.DYNAMIC_RECEIVER_NOT_EXPORTED_PERMISSION"
15-->[androidx.core:core:1.13.1] AndroidManifest.xml:23:9-81
16        android:protectionLevel="signature" />
16-->[androidx.core:core:1.13.1] AndroidManifest.xml:24:9-44
17
18    <uses-permission android:name="com.fahim.alyfobserver.DYNAMIC_RECEIVER_NOT_EXPORTED_PERMISSION" />
18-->[androidx.core:core:1.13.1] AndroidManifest.xml:26:5-97
18-->[androidx.core:core:1.13.1] AndroidManifest.xml:26:22-94
19    <uses-permission android:name="moe.shizuku.manager.permission.API_V23" />
19-->[dev.rikka.shizuku:provider:13.1.5] AndroidManifest.xml:8:5-78
19-->[dev.rikka.shizuku:provider:13.1.5] AndroidManifest.xml:8:22-75
20
21    <application
21-->src/main/AndroidManifest.xml:7:5-53:19
22        android:allowBackup="true"
22-->src/main/AndroidManifest.xml:8:9-35
23        android:appComponentFactory="androidx.core.app.CoreComponentFactory"
23-->[androidx.core:core:1.13.1] AndroidManifest.xml:28:18-86
24        android:extractNativeLibs="false"
25        android:icon="@mipmap/ic_launcher"
25-->src/main/AndroidManifest.xml:9:9-43
26        android:label="@string/app_name"
26-->src/main/AndroidManifest.xml:10:9-41
27        android:roundIcon="@mipmap/ic_launcher_round"
27-->src/main/AndroidManifest.xml:11:9-54
28        android:supportsRtl="true"
28-->src/main/AndroidManifest.xml:12:9-35
29        android:theme="@style/Theme.AlyfObserver" >
29-->src/main/AndroidManifest.xml:13:9-50
30        <service
30-->src/main/AndroidManifest.xml:14:9-17:40
31            android:name="com.fahim.alyfobserver.FloatingWindowService"
31-->src/main/AndroidManifest.xml:15:13-50
32            android:enabled="true"
32-->src/main/AndroidManifest.xml:16:13-35
33            android:exported="false" />
33-->src/main/AndroidManifest.xml:17:13-37
34        <service
34-->src/main/AndroidManifest.xml:18:9-30:19
35            android:name="com.fahim.alyfobserver.MyAccessibilityService"
35-->src/main/AndroidManifest.xml:19:13-51
36            android:exported="true"
36-->src/main/AndroidManifest.xml:20:13-36
37            android:label="@string/app_name"
37-->src/main/AndroidManifest.xml:21:13-45
38            android:permission="android.permission.BIND_ACCESSIBILITY_SERVICE" >
38-->src/main/AndroidManifest.xml:22:13-79
39            <intent-filter>
39-->src/main/AndroidManifest.xml:23:13-25:29
40                <action android:name="android.accessibilityservice.AccessibilityService" />
40-->src/main/AndroidManifest.xml:24:17-92
40-->src/main/AndroidManifest.xml:24:25-89
41            </intent-filter>
42
43            <meta-data
43-->src/main/AndroidManifest.xml:27:13-29:72
44                android:name="android.accessibilityservice"
44-->src/main/AndroidManifest.xml:28:17-60
45                android:resource="@xml/accessibility_service_config" />
45-->src/main/AndroidManifest.xml:29:17-69
46        </service>
47
48        <activity
48-->src/main/AndroidManifest.xml:32:9-41:20
49            android:name="com.fahim.alyfobserver.MainActivity"
49-->src/main/AndroidManifest.xml:33:13-41
50            android:exported="true"
50-->src/main/AndroidManifest.xml:34:13-36
51            android:theme="@style/Theme.AlyfObserver" >
51-->src/main/AndroidManifest.xml:35:13-54
52            <intent-filter>
52-->src/main/AndroidManifest.xml:36:13-40:29
53                <action android:name="android.intent.action.MAIN" />
53-->src/main/AndroidManifest.xml:37:17-69
53-->src/main/AndroidManifest.xml:37:25-66
54
55                <category android:name="android.intent.category.LAUNCHER" />
55-->src/main/AndroidManifest.xml:39:17-77
55-->src/main/AndroidManifest.xml:39:27-74
56            </intent-filter>
57        </activity>
58
59        <receiver
59-->src/main/AndroidManifest.xml:43:9-49:20
60            android:name="com.fahim.alyfobserver.WebsiteWidgetProvider"
60-->src/main/AndroidManifest.xml:43:19-56
61            android:exported="false" >
61-->src/main/AndroidManifest.xml:43:57-81
62            <intent-filter>
62-->src/main/AndroidManifest.xml:44:13-46:29
63                <action android:name="android.appwidget.action.APPWIDGET_UPDATE" />
63-->src/main/AndroidManifest.xml:45:17-84
63-->src/main/AndroidManifest.xml:45:25-81
64            </intent-filter>
65
66            <meta-data
66-->src/main/AndroidManifest.xml:47:13-48:63
67                android:name="android.appwidget.provider"
67-->src/main/AndroidManifest.xml:47:24-65
68                android:resource="@xml/website_widget_info" />
68-->src/main/AndroidManifest.xml:48:17-60
69        </receiver>
70
71        <service android:name="com.fahim.alyfobserver.WidgetUpdateService" />
71-->src/main/AndroidManifest.xml:51:9-56
71-->src/main/AndroidManifest.xml:51:18-53
72
73        <provider
73-->[androidx.emoji2:emoji2:1.3.0] AndroidManifest.xml:24:9-32:20
74            android:name="androidx.startup.InitializationProvider"
74-->[androidx.emoji2:emoji2:1.3.0] AndroidManifest.xml:25:13-67
75            android:authorities="com.fahim.alyfobserver.androidx-startup"
75-->[androidx.emoji2:emoji2:1.3.0] AndroidManifest.xml:26:13-68
76            android:exported="false" >
76-->[androidx.emoji2:emoji2:1.3.0] AndroidManifest.xml:27:13-37
77            <meta-data
77-->[androidx.emoji2:emoji2:1.3.0] AndroidManifest.xml:29:13-31:52
78                android:name="androidx.emoji2.text.EmojiCompatInitializer"
78-->[androidx.emoji2:emoji2:1.3.0] AndroidManifest.xml:30:17-75
79                android:value="androidx.startup" />
79-->[androidx.emoji2:emoji2:1.3.0] AndroidManifest.xml:31:17-49
80            <meta-data
80-->[androidx.lifecycle:lifecycle-process:2.8.2] AndroidManifest.xml:29:13-31:52
81                android:name="androidx.lifecycle.ProcessLifecycleInitializer"
81-->[androidx.lifecycle:lifecycle-process:2.8.2] AndroidManifest.xml:30:17-78
82                android:value="androidx.startup" />
82-->[androidx.lifecycle:lifecycle-process:2.8.2] AndroidManifest.xml:31:17-49
83            <meta-data
83-->[androidx.profileinstaller:profileinstaller:1.3.1] AndroidManifest.xml:29:13-31:52
84                android:name="androidx.profileinstaller.ProfileInstallerInitializer"
84-->[androidx.profileinstaller:profileinstaller:1.3.1] AndroidManifest.xml:30:17-85
85                android:value="androidx.startup" />
85-->[androidx.profileinstaller:profileinstaller:1.3.1] AndroidManifest.xml:31:17-49
86        </provider>
87
88        <meta-data
88-->[dev.rikka.shizuku:provider:13.1.5] AndroidManifest.xml:11:9-13:36
89            android:name="moe.shizuku.client.V3_SUPPORT"
89-->[dev.rikka.shizuku:provider:13.1.5] AndroidManifest.xml:12:13-57
90            android:value="true" />
90-->[dev.rikka.shizuku:provider:13.1.5] AndroidManifest.xml:13:13-33
91
92        <receiver
92-->[androidx.profileinstaller:profileinstaller:1.3.1] AndroidManifest.xml:34:9-52:20
93            android:name="androidx.profileinstaller.ProfileInstallReceiver"
93-->[androidx.profileinstaller:profileinstaller:1.3.1] AndroidManifest.xml:35:13-76
94            android:directBootAware="false"
94-->[androidx.profileinstaller:profileinstaller:1.3.1] AndroidManifest.xml:36:13-44
95            android:enabled="true"
95-->[androidx.profileinstaller:profileinstaller:1.3.1] AndroidManifest.xml:37:13-35
96            android:exported="true"
96-->[androidx.profileinstaller:profileinstaller:1.3.1] AndroidManifest.xml:38:13-36
97            android:permission="android.permission.DUMP" >
97-->[androidx.profileinstaller:profileinstaller:1.3.1] AndroidManifest.xml:39:13-57
98            <intent-filter>
98-->[androidx.profileinstaller:profileinstaller:1.3.1] AndroidManifest.xml:40:13-42:29
99                <action android:name="androidx.profileinstaller.action.INSTALL_PROFILE" />
99-->[androidx.profileinstaller:profileinstaller:1.3.1] AndroidManifest.xml:41:17-91
99-->[androidx.profileinstaller:profileinstaller:1.3.1] AndroidManifest.xml:41:25-88
100            </intent-filter>
101            <intent-filter>
101-->[androidx.profileinstaller:profileinstaller:1.3.1] AndroidManifest.xml:43:13-45:29
102                <action android:name="androidx.profileinstaller.action.SKIP_FILE" />
102-->[androidx.profileinstaller:profileinstaller:1.3.1] AndroidManifest.xml:44:17-85
102-->[androidx.profileinstaller:profileinstaller:1.3.1] AndroidManifest.xml:44:25-82
103            </intent-filter>
104            <intent-filter>
104-->[androidx.profileinstaller:profileinstaller:1.3.1] AndroidManifest.xml:46:13-48:29
105                <action android:name="androidx.profileinstaller.action.SAVE_PROFILE" />
105-->[androidx.profileinstaller:profileinstaller:1.3.1] AndroidManifest.xml:47:17-88
105-->[androidx.profileinstaller:profileinstaller:1.3.1] AndroidManifest.xml:47:25-85
106            </intent-filter>
107            <intent-filter>
107-->[androidx.profileinstaller:profileinstaller:1.3.1] AndroidManifest.xml:49:13-51:29
108                <action android:name="androidx.profileinstaller.action.BENCHMARK_OPERATION" />
108-->[androidx.profileinstaller:profileinstaller:1.3.1] AndroidManifest.xml:50:17-95
108-->[androidx.profileinstaller:profileinstaller:1.3.1] AndroidManifest.xml:50:25-92
109            </intent-filter>
110        </receiver>
111    </application>
112
113</manifest>